[2022-05-15 14:17:36] Текст ошибки: Контроллер Up\controllers\MainController не найден | Файл: C:\Program1\server\OSPanel\domains\vet-grad39.ru\vendor\vet-grad\core\Router.php | Строка: 40
-------
[2022-05-15 14:18:06] Текст ошибки: Контроллер app\controllers\MainController не найден | Файл: C:\Program1\server\OSPanel\domains\vet-grad39.ru\vendor\vet-grad\core\Router.php | Строка: 40
-------
[2022-05-15 14:18:38] Текст ошибки: Метод app\controllers\MainController::indexAction не найден | Файл: C:\Program1\server\OSPanel\domains\vet-grad39.ru\vendor\vet-grad\core\Router.php | Строка: 37
-------
[2022-05-15 14:19:36] Текст ошибки: Call to undefined method app\controllers\MainController::getView() | Файл: C:\Program1\server\OSPanel\domains\vet-grad39.ru\vendor\vet-grad\core\Router.php | Строка: 35
-------
[2022-05-15 17:53:05] Текст ошибки: Class 'R' not found | Файл: C:\Program1\server\OSPanel\domains\vet-grad39.ru\vendor\vet-grad\core\Db.php | Строка: 12
-------
[2022-05-15 17:55:49] Текст ошибки: Class 'app\controllers\R' not found | Файл: C:\Program1\server\OSPanel\domains\vet-grad39.ru\app\controllers\MainController.php | Строка: 11
-------
[2022-05-15 18:03:15] Текст ошибки: Class 'R' not found | Файл: C:\Program1\server\OSPanel\domains\vet-grad39.ru\app\views\layouts\default.php | Строка: 16
-------
[2022-05-15 18:04:23] Текст ошибки: Class 'R' not found | Файл: C:\Program1\server\OSPanel\domains\vet-grad39.ru\app\views\layouts\default.php | Строка: 16
-------
[2022-05-15 18:05:41] Текст ошибки: Class 'vetgrad\R' not found | Файл: C:\Program1\server\OSPanel\domains\vet-grad39.ru\vendor\vet-grad\core\Db.php | Строка: 15
-------
[2022-05-16 23:56:05] Текст ошибки: Страница не найдена | Файл: D:\Programs\OSPanel\domains\vet-grad39.ru\vendor\vet-grad\core\Router.php | Строка: 43
-------
[2022-05-16 23:56:27] Текст ошибки: Страница не найдена | Файл: D:\Programs\OSPanel\domains\vet-grad39.ru\vendor\vet-grad\core\Router.php | Строка: 43
-------
[2022-05-17 00:03:22] Текст ошибки: Страница не найдена | Файл: D:\Programs\OSPanel\domains\vet-grad39.ru\vendor\vet-grad\core\Router.php | Строка: 43
-------
[2022-05-17 00:21:31] Текст ошибки: Страница не найдена | Файл: D:\Programs\OSPanel\domains\vet-grad39.ru\vendor\vet-grad\core\Router.php | Строка: 43
-------
[2022-05-17 00:21:35] Текст ошибки: Страница не найдена | Файл: D:\Programs\OSPanel\domains\vet-grad39.ru\vendor\vet-grad\core\Router.php | Строка: 43
-------
[2022-05-17 00:32:03] Текст ошибки: Страница не найдена | Файл: D:\Programs\OSPanel\domains\vet-grad39.ru\vendor\vet-grad\core\Router.php | Строка: 43
-------
[2022-05-17 00:32:06] Текст ошибки: Страница не найдена | Файл: D:\Programs\OSPanel\domains\vet-grad39.ru\vendor\vet-grad\core\Router.php | Строка: 43
-------
[2022-05-17 00:34:08] Текст ошибки: Страница не найдена | Файл: D:\Programs\OSPanel\domains\vet-grad39.ru\vendor\vet-grad\core\Router.php | Строка: 43
-------
[2022-05-17 00:35:03] Текст ошибки: Страница не найдена | Файл: D:\Programs\OSPanel\domains\vet-grad39.ru\vendor\vet-grad\core\Router.php | Строка: 43
-------
[2022-05-17 00:35:38] Текст ошибки: Страница не найдена | Файл: D:\Programs\OSPanel\domains\vet-grad39.ru\vendor\vet-grad\core\Router.php | Строка: 43
-------
[2022-05-17 00:50:42] Текст ошибки: Страница не найдена | Файл: D:\Programs\OSPanel\domains\vet-grad39.ru\vendor\vet-grad\core\Router.php | Строка: 43
-------
[2022-05-17 00:51:05] Текст ошибки: Страница не найдена | Файл: D:\Programs\OSPanel\domains\vet-grad39.ru\vendor\vet-grad\core\Router.php | Строка: 43
-------
[2022-05-17 00:51:14] Текст ошибки: Страница не найдена | Файл: D:\Programs\OSPanel\domains\vet-grad39.ru\vendor\vet-grad\core\Router.php | Строка: 43
-------
[2022-05-17 00:51:23] Текст ошибки: Страница не найдена | Файл: D:\Programs\OSPanel\domains\vet-grad39.ru\vendor\vet-grad\core\Router.php | Строка: 43
-------
[2022-05-17 00:52:29] Текст ошибки: Страница не найдена | Файл: D:\Programs\OSPanel\domains\vet-grad39.ru\vendor\vet-grad\core\Router.php | Строка: 43
-------
[2022-05-17 00:56:23] Текст ошибки: Страница не найдена | Файл: D:\Programs\OSPanel\domains\vet-grad39.ru\vendor\vet-grad\core\Router.php | Строка: 43
-------
[2022-05-17 13:29:20] Текст ошибки: Страница не найдена | Файл: C:\OpenServer\domains\vet-grad39.ru\vendor\vet-grad\core\Router.php | Строка: 43
-------
[2022-05-17 13:37:31] Текст ошибки: Нет соединения с БД | Файл: C:\OpenServer\domains\vet-grad39.ru\vendor\vet-grad\core\Db.php | Строка: 16
-------
[2022-05-17 13:44:23] Текст ошибки: Нет соединения с БД | Файл: C:\OpenServer\domains\vet-grad39.ru\vendor\vet-grad\core\Db.php | Строка: 16
-------
[2022-05-17 13:44:24] Текст ошибки: Нет соединения с БД | Файл: C:\OpenServer\domains\vet-grad39.ru\vendor\vet-grad\core\Db.php | Строка: 16
-------
[2022-05-17 13:44:25] Текст ошибки: Нет соединения с БД | Файл: C:\OpenServer\domains\vet-grad39.ru\vendor\vet-grad\core\Db.php | Строка: 16
-------
[2022-05-17 13:44:25] Текст ошибки: Нет соединения с БД | Файл: C:\OpenServer\domains\vet-grad39.ru\vendor\vet-grad\core\Db.php | Строка: 16
-------
[2022-05-17 13:44:25] Текст ошибки: Нет соединения с БД | Файл: C:\OpenServer\domains\vet-grad39.ru\vendor\vet-grad\core\Db.php | Строка: 16
-------
[2022-05-17 13:44:25] Текст ошибки: Нет соединения с БД | Файл: C:\OpenServer\domains\vet-grad39.ru\vendor\vet-grad\core\Db.php | Строка: 16
-------
[2022-05-17 13:44:36] Текст ошибки: Нет соединения с БД | Файл: C:\OpenServer\domains\vet-grad39.ru\vendor\vet-grad\core\Db.php | Строка: 16
-------
[2022-05-17 13:45:01] Текст ошибки: Нет соединения с БД | Файл: C:\OpenServer\domains\vet-grad39.ru\vendor\vet-grad\core\Db.php | Строка: 16
-------
[2022-05-17 13:45:02] Текст ошибки: Нет соединения с БД | Файл: C:\OpenServer\domains\vet-grad39.ru\vendor\vet-grad\core\Db.php | Строка: 16
-------
[2022-05-17 13:45:02] Текст ошибки: Нет соединения с БД | Файл: C:\OpenServer\domains\vet-grad39.ru\vendor\vet-grad\core\Db.php | Строка: 16
-------
[2022-05-17 13:45:02] Текст ошибки: Нет соединения с БД | Файл: C:\OpenServer\domains\vet-grad39.ru\vendor\vet-grad\core\Db.php | Строка: 16
-------
[2022-05-17 13:45:02] Текст ошибки: Нет соединения с БД | Файл: C:\OpenServer\domains\vet-grad39.ru\vendor\vet-grad\core\Db.php | Строка: 16
-------
[2022-05-17 13:49:37] Текст ошибки: Нет соединения с БД | Файл: C:\OpenServer\domains\vet-grad39.ru\vendor\vet-grad\core\Db.php | Строка: 16
-------
[2022-05-17 13:53:01] Текст ошибки: Wrong parameters for Exception([string $message [, long $code [, Throwable $previous = NULL]]]) | Файл: C:\OpenServer\domains\vet-grad39.ru\vendor\vet-grad\core\Db.php | Строка: 14
-------
[2022-05-17 13:55:47] Текст ошибки: mysql:host=localhost;dbname=vetgrad;charset=utf8 | Файл: C:\OpenServer\domains\vet-grad39.ru\vendor\vet-grad\core\Db.php | Строка: 14
-------
[2022-05-17 13:55:48] Текст ошибки: Страница не найдена | Файл: C:\OpenServer\domains\vet-grad39.ru\vendor\vet-grad\core\Router.php | Строка: 43
-------
[2022-05-22 18:37:02] Текст ошибки: Нет соединения с БД | Файл: D:\Programs\OSPanel\domains\vet-grad39.ru\vendor\vet-grad\core\Db.php | Строка: 16
-------
[2022-05-22 18:37:03] Текст ошибки: Страница не найдена | Файл: D:\Programs\OSPanel\domains\vet-grad39.ru\vendor\vet-grad\core\Router.php | Строка: 43
-------
[2022-05-22 18:43:04] Текст ошибки: Страница не найдена | Файл: D:\Programs\OSPanel\domains\vet-grad39.ru\vendor\vet-grad\core\Router.php | Строка: 43
-------
